/usr/caen/synopsys-synth-2009.06-SP2/auxx/gui/dv/dv_setup.tcl
/usr/caen/synopsys-synth-2009.06-SP2/auxx/gui/syn/snpsSynProcs.tcl
/usr/caen/synopsys-synth-2009.06-SP2/auxx/tcllib/lib/tcl8.4/package.tcl
/usr/caen/synopsys-synth-2009.06-SP2/auxx/gui/syn/layout/pkgIndex.tcl
/usr/caen/synopsys-synth-2009.06-SP2/auxx/gui/common/tcl-dp/pkgIndex.tcl
/usr/caen/synopsys-synth-2009.06-SP2/auxx/gui/common/regressionToolkit/pkgIndex.tcl
/usr/caen/synopsys-synth-2009.06-SP2/auxx/gui/common/menus/pkgIndex.tcl
/usr/caen/synopsys-synth-2009.06-SP2/auxx/gui/common/hierarchy/pkgIndex.tcl
/usr/caen/synopsys-synth-2009.06-SP2/auxx/gui/common/opdlg/pkgIndex.tcl
/usr/caen/synopsys-synth-2009.06-SP2/auxx/gui/common/dialogs/pkgIndex.tcl
/usr/caen/synopsys-synth-2009.06-SP2/auxx/gui/common/profiler/pkgIndex.tcl
/usr/caen/synopsys-synth-2009.06-SP2/auxx/gui/common/strokes/pkgIndex.tcl
/usr/caen/synopsys-synth-2009.06-SP2/auxx/gui/common/qtcl/pkgIndex.tcl
/usr/caen/synopsys-synth-2009.06-SP2/auxx/gui/common/table/pkgIndex.tcl
/usr/caen/synopsys-synth-2009.06-SP2/auxx/gui/common/fanoutviewer/pkgIndex.tcl
/usr/caen/synopsys-synth-2009.06-SP2/auxx/gui/common/misc/pkgIndex.tcl
/usr/caen/synopsys-synth-2009.06-SP2/auxx/gui/common/layout/pkgIndex.tcl
/usr/caen/synopsys-synth-2009.06-SP2/auxx/gui/common/select/pkgIndex.tcl
/usr/caen/synopsys-synth-2009.06-SP2/auxx/gui/common/WindowFrameWork/pkgIndex.tcl
/usr/caen/synopsys-synth-2009.06-SP2/auxx/gui/common/view/pkgIndex.tcl
/usr/caen/synopsys-synth-2009.06-SP2/auxx/gui/common/schematic/pkgIndex.tcl
/usr/caen/synopsys-synth-2009.06-SP2/auxx/gui/common/pathinspector/pkgIndex.tcl
/usr/caen/synopsys-synth-2009.06-SP2/auxx/gui/common/setup/pkgIndex.tcl
/usr/caen/synopsys-synth-2009.06-SP2/auxx/gui/common/highlight/pkgIndex.tcl
/usr/caen/synopsys-synth-2009.06-SP2/auxx/gui/common/docBrowser/pkgIndex.tcl
/usr/caen/synopsys-synth-2009.06-SP2/auxx/gui/common/histogram/pkgIndex.tcl
/usr/caen/synopsys-synth-2009.06-SP2/auxx/gui/common/libviewer/pkgIndex.tcl
/usr/caen/synopsys-synth-2009.06-SP2/auxx/tcllib/snps_tcl/snpsTclPro/pkgIndex.tcl
/usr/caen/synopsys-synth-2009.06-SP2/auxx/tcllib/snps_tcl/snpsUtils/pkgIndex.tcl
/usr/caen/synopsys-synth-2009.06-SP2/auxx/tcllib/snps_tcl/snpsTest/pkgIndex.tcl
/usr/caen/synopsys-synth-2009.06-SP2/auxx/tcllib/lib/tcl8.4/http1.0/pkgIndex.tcl
/usr/caen/synopsys-synth-2009.06-SP2/auxx/tcllib/lib/tcl8.4/dde/pkgIndex.tcl
/usr/caen/synopsys-synth-2009.06-SP2/auxx/tcllib/lib/tcl8.4/http/pkgIndex.tcl
/usr/caen/synopsys-synth-2009.06-SP2/auxx/tcllib/lib/tcl8.4/reg/pkgIndex.tcl
/usr/caen/synopsys-synth-2009.06-SP2/auxx/tcllib/lib/tcl8.4/opt/pkgIndex.tcl
/usr/caen/synopsys-synth-2009.06-SP2/auxx/tcllib/lib/tcl8.4/tcltest/pkgIndex.tcl
/usr/caen/synopsys-synth-2009.06-SP2/auxx/tcllib/lib/tcl8.4/msgcat/pkgIndex.tcl
/usr/caen/synopsys-synth-2009.06-SP2/auxx/gui/common/setup/snpsCommonSetup.tcl
/usr/caen/synopsys-synth-2009.06-SP2/auxx/gui/common/setup/snpsCustomize.tcl
/usr/caen/synopsys-synth-2009.06-SP2/auxx/gui/common/setup/snpsProcheck.tcl
/usr/caen/synopsys-synth-2009.06-SP2/auxx/gui/common/qtcl/.synopsys_qtcl.tcl
/usr/caen/synopsys-synth-2009.06-SP2/auxx/gui/common/highlight/highlight.tcl
/usr/caen/synopsys-synth-2009.06-SP2/auxx/gui/common/misc/base.tcl
/usr/caen/synopsys-synth-2009.06-SP2/auxx/gui/common/misc/timing.tcl
/usr/caen/synopsys-synth-2009.06-SP2/auxx/gui/common/misc/setting.tcl
/usr/caen/synopsys-synth-2009.06-SP2/auxx/gui/common/docBrowser/docBrowser.tcl
/usr/caen/synopsys-synth-2009.06-SP2/auxx/tcllib/snps_tcl/snpsUtils/snpsUtils.tcl
/usr/caen/synopsys-synth-2009.06-SP2/auxx/gui/common/WindowFrameWork/windowFrameWork.tcl
/usr/caen/synopsys-synth-2009.06-SP2/auxx/gui/common/WindowFrameWork/skipBusyCursorCmdList.tcl
/usr/caen/synopsys-synth-2009.06-SP2/auxx/gui/common/dialogs/ObjectChooser.tcl
/usr/caen/synopsys-synth-2009.06-SP2/auxx/gui/common/misc/DialogObjectChooser.tcl
/usr/caen/synopsys-synth-2009.06-SP2/auxx/gui/common/dialogs/HistBinInformation.tcl
/usr/caen/synopsys-synth-2009.06-SP2/auxx/gui/common/dialogs/HistBin1Information.tcl
/usr/caen/synopsys-synth-2009.06-SP2/auxx/gui/common/dialogs/BinsOnlyInformation.tcl
/usr/caen/synopsys-synth-2009.06-SP2/auxx/gui/common/dialogs/FileChooser.tcl
/usr/caen/synopsys-synth-2009.06-SP2/auxx/gui/common/dialogs/PathPinSimpleInfo.tcl
/usr/caen/synopsys-synth-2009.06-SP2/auxx/gui/common/dialogs/PathsBasicInfo.tcl
/usr/caen/synopsys-synth-2009.06-SP2/auxx/gui/common/dialogs/PathsBasicSimpleInfo.tcl
/usr/caen/synopsys-synth-2009.06-SP2/auxx/gui/common/dialogs/SlctOperationInfo.tcl
/usr/caen/synopsys-synth-2009.06-SP2/auxx/gui/common/dialogs/ObjectListInfo.tcl
/usr/caen/synopsys-synth-2009.06-SP2/auxx/gui/common/dialogs/FanInOutInfo.tcl
/usr/caen/synopsys-synth-2009.06-SP2/auxx/gui/common/dialogs/NumberOfLevelsChooser.tcl
/usr/caen/synopsys-synth-2009.06-SP2/auxx/gui/common/dialogs/WindowReuseInfo.tcl
/usr/caen/synopsys-synth-2009.06-SP2/auxx/gui/common/dialogs/ReportOutputOptionInfo.tcl
/usr/caen/synopsys-synth-2009.06-SP2/auxx/gui/common/setup/snpsCollections.tcl
/usr/caen/synopsys-synth-2009.06-SP2/auxx/gui/common/dialogs/CompileLinkDesign.tcl
/usr/caen/synopsys-synth-2009.06-SP2/auxx/gui/common/histogram/DialogEndpointSlack.tcl
/usr/caen/synopsys-synth-2009.06-SP2/auxx/gui/common/histogram/DialogPathsSlack.tcl
/usr/caen/synopsys-synth-2009.06-SP2/auxx/gui/common/histogram/DialogNetCapacitance.tcl
/usr/caen/synopsys-synth-2009.06-SP2/auxx/gui/common/schematic/DialogPathSchematicFanInOut.tcl
/usr/caen/synopsys-synth-2009.06-SP2/auxx/gui/common/schematic/DialogPathSchematicAddPaths.tcl
/afs/umich.edu/user/c/o/coryperr/eecs470/vsimp4_w11/synth/pipeline.tcl
/usr/caen/generic/mentor_lib-D.1/public/eecs470/synopsys/lec25dscc25_TT.db
/usr/caen/synopsys-synth-2009.06-SP2/libraries/syn/gtech.db
/usr/caen/synopsys-synth-2009.06-SP2/libraries/syn/standard.sldb
/afs/umich.edu/user/c/o/coryperr/eecs470/vsimp4_w11/sys_defs.vh
/afs/umich.edu/user/c/o/coryperr/eecs470/vsimp4_w11/verilog/pipeline.v
/afs/umich.edu/user/c/o/coryperr/eecs470/vsimp4_w11/verilog/if_stage.v
/afs/umich.edu/user/c/o/coryperr/eecs470/vsimp4_w11/verilog/id_stage.v
/afs/umich.edu/user/c/o/coryperr/eecs470/vsimp4_w11/verilog/ex_stage.v
/afs/umich.edu/user/c/o/coryperr/eecs470/vsimp4_w11/verilog/mem_stage.v
/afs/umich.edu/user/c/o/coryperr/eecs470/vsimp4_w11/verilog/wb_stage.v
/afs/umich.edu/user/c/o/coryperr/eecs470/vsimp4_w11/verilog/regfile.v
/afs/umich.edu/user/c/o/coryperr/synopsys_cache_C-2009.06-SP2/DW01/DW01_add/cla/126/lec25dscc25_TT_5137/element.ddc
