ncverilog: 08.20-s012: (c) Copyright 1995-2009 Cadence Design Systems, Inc.
TOOL:	ncverilog	08.20-s012: Started on Mar 11, 2011 at 19:32:45 EST
/usr/caen/ius-8.2/tools/bin/ncverilog
	rs.v
	../sys_defs.vh
file: rs.v
  input wire  [`PRF_IDX-1:0] prega_idx, pregb_idx, pdest_idx;
                      |
ncvlog: *E,NOTDIR (rs.v,16|22): `PRF_IDX: not a recognized directive or macro [2.7.3][16.3.1][16(IEEE)].
	wire [0:0} crap;
	         |
ncvlog: *E,EXPRBK (rs.v,18|10): expecting a right bracket (']') [12.1.2][7.1(IEEE)].
  input wire  [`PRF_IDX-1:0] cdb_tag;
                      |
ncvlog: *E,NOTDIR (rs.v,25|22): `PRF_IDX: not a recognized directive or macro [2.7.3][16.3.1][16(IEEE)].
  input wire  [`ROB_IDX-1:0] rob_idx;
                      |
ncvlog: *E,NOTDIR (rs.v,26|22): `ROB_IDX: not a recognized directive or macro [2.7.3][16.3.1][16(IEEE)].
  output wire [`PRF_IDX-1:0] pdest_idx_out, prega_idx_out, pregb_idx_out;
                      |
ncvlog: *E,NOTDIR (rs.v,29|22): `PRF_IDX: not a recognized directive or macro [2.7.3][16.3.1][16(IEEE)].
  output wire [`ROB_IDX-1:0] rob_idx_out;
                      |
ncvlog: *E,NOTDIR (rs.v,34|22): `ROB_IDX: not a recognized directive or macro [2.7.3][16.3.1][16(IEEE)].
  wire [`RS_SZ-1:0] entry_free;
             |
ncvlog: *E,NOTDIR (rs.v,36|13): `RS_SZ: not a recognized directive or macro [2.7.3][16.3.1][16(IEEE)].
  wire [`RS_SZ-1:0] entry_rdy;
             |
ncvlog: *E,NOTDIR (rs.v,37|13): `RS_SZ: not a recognized directive or macro [2.7.3][16.3.1][16(IEEE)].
  wire [`PRF_IDX-1:0] pdest_idx_int [`RS_SZ-1:0];
               |
ncvlog: *E,NOTDIR (rs.v,38|15): `PRF_IDX: not a recognized directive or macro [2.7.3][16.3.1][16(IEEE)].
  wire [`PRF_IDX-1:0] pdest_idx_int [`RS_SZ-1:0];
                                          |
ncvlog: *E,NOTDIR (rs.v,38|42): `RS_SZ: not a recognized directive or macro [2.7.3][16.3.1][16(IEEE)].
  wire [`PRF_IDX-1:0] prega_idx_int [`RS_SZ-1:0];
               |
ncvlog: *E,NOTDIR (rs.v,39|15): `PRF_IDX: not a recognized directive or macro [2.7.3][16.3.1][16(IEEE)].
  wire [`PRF_IDX-1:0] prega_idx_int [`RS_SZ-1:0];
                                          |
ncvlog: *E,NOTDIR (rs.v,39|42): `RS_SZ: not a recognized directive or macro [2.7.3][16.3.1][16(IEEE)].
  wire [`PRF_IDX-1:0] pregb_idx_int [`RS_SZ-1:0];
               |
ncvlog: *E,NOTDIR (rs.v,40|15): `PRF_IDX: not a recognized directive or macro [2.7.3][16.3.1][16(IEEE)].
  wire [`PRF_IDX-1:0] pregb_idx_int [`RS_SZ-1:0];
                                          |
ncvlog: *E,NOTDIR (rs.v,40|42): `RS_SZ: not a recognized directive or macro [2.7.3][16.3.1][16(IEEE)].
  wire [4:0] ALUop_int [`RS_SZ-1:0];
                             |
ncvlog: *E,NOTDIR (rs.v,41|29): `RS_SZ: not a recognized directive or macro [2.7.3][16.3.1][16(IEEE)].
  wire [`RS_SZ-1:0] rd_mem_int;
             |
ncvlog: *E,NOTDIR (rs.v,42|13): `RS_SZ: not a recognized directive or macro [2.7.3][16.3.1][16(IEEE)].
  wire [`RS_SZ-1:0] wr_mem_int;
             |
ncvlog: *E,NOTDIR (rs.v,43|13): `RS_SZ: not a recognized directive or macro [2.7.3][16.3.1][16(IEEE)].
  wire [31:0] rs_IR_int [`RS_SZ-1:0];
                              |
ncvlog: *E,NOTDIR (rs.v,44|30): `RS_SZ: not a recognized directive or macro [2.7.3][16.3.1][16(IEEE)].
  wire [63:0] npc_int [`RS_SZ-1:0]; 
                            |
ncvlog: *E,NOTDIR (rs.v,45|28): `RS_SZ: not a recognized directive or macro [2.7.3][16.3.1][16(IEEE)].
  wire [`ROB_IDX-1:0] rob_idx_int [`RS_SZ-1:0];
               |
ncvlog: *E,NOTDIR (rs.v,46|15): `ROB_IDX: not a recognized directive or macro [2.7.3][16.3.1][16(IEEE)].
  wire [`ROB_IDX-1:0] rob_idx_int [`RS_SZ-1:0];
                                        |
ncvlog: *E,NOTDIR (rs.v,46|40): `RS_SZ: not a recognized directive or macro [2.7.3][16.3.1][16(IEEE)].
  wire [`RS_IDX-1:0] entry_idx; // Output of ex encoder
              |
ncvlog: *E,NOTDIR (rs.v,48|14): `RS_IDX: not a recognized directive or macro [2.7.3][16.3.1][16(IEEE)].
  wire [`RS_SZ-1:0] entry_en; // Output of issue selector
             |
ncvlog: *E,NOTDIR (rs.v,49|13): `RS_SZ: not a recognized directive or macro [2.7.3][16.3.1][16(IEEE)].
  wire [`RS_SZ-1:0] entry_sel; // Output of ex selector
             |
ncvlog: *E,NOTDIR (rs.v,50|13): `RS_SZ: not a recognized directive or macro [2.7.3][16.3.1][16(IEEE)].
ps #(.NUM_BITS(`RS_SZ)) issue_sel(.req(entry_free), .en(rs_en), .gnt(entry_en), .req_up()); 
                    |
ncvlog: *E,NOTDIR (rs.v,64|20): `RS_SZ: not a recognized directive or macro [2.7.3][16.3.1][16(IEEE)].
ps #(.NUM_BITS(`RS_SZ)) ex_sel(.req(entry_rdy), .en(rs_rdy), .gnt(entry_sel), .req_up());
                    |
ncvlog: *E,NOTDIR (rs.v,65|20): `RS_SZ: not a recognized directive or macro [2.7.3][16.3.1][16(IEEE)].
pe #(.OUT_WIDTH(`RS_IDX)) ex_encode(.gnt(entry_sel), .enc(entry_idx)); 
                      |
ncvlog: *E,NOTDIR (rs.v,66|22): `RS_IDX: not a recognized directive or macro [2.7.3][16.3.1][16(IEEE)].
  for(i=0; i<`RS_SZ; i=i+1) begin : entries
                  |
ncvlog: *E,NOTDIR (rs.v,70|18): `RS_SZ: not a recognized directive or macro [2.7.3][16.3.1][16(IEEE)].
  for(i=0; i<`RS_SZ; i=i+1) begin : entries
                   |
ncvlog: *E,ILLPRI (rs.v,70|19): illegal expression primary [4.2(IEEE)].
	module worklib.RS:v
		errors: 29, warnings: 0
  input wire  [`PRF_IDX-1:0] prega_idx, pregb_idx, pdest_idx;
                      |
ncvlog: *E,NOTDIR (rs.v,130|22): `PRF_IDX: not a recognized directive or macro [2.7.3][16.3.1][16(IEEE)].
  input wire  [`PRF_IDX-1:0] cdb_tag;
                      |
ncvlog: *E,NOTDIR (rs.v,138|22): `PRF_IDX: not a recognized directive or macro [2.7.3][16.3.1][16(IEEE)].
  input wire  [`ROB_IDX-1:0] rob_idx;
                      |
ncvlog: *E,NOTDIR (rs.v,139|22): `ROB_IDX: not a recognized directive or macro [2.7.3][16.3.1][16(IEEE)].
  output reg  [`PRF_IDX-1:0] pdest_idx_out, prega_idx_out, pregb_idx_out;
                      |
ncvlog: *E,NOTDIR (rs.v,142|22): `PRF_IDX: not a recognized directive or macro [2.7.3][16.3.1][16(IEEE)].
  output reg  [`ROB_IDX-1:0] rob_idx_out;
                      |
ncvlog: *E,NOTDIR (rs.v,147|22): `ROB_IDX: not a recognized directive or macro [2.7.3][16.3.1][16(IEEE)].
  reg  [`PRF_IDX-1:0] next_pdest_idx_out, next_prega_idx_out, next_pregb_idx_out;
               |
ncvlog: *E,NOTDIR (rs.v,150|15): `PRF_IDX: not a recognized directive or macro [2.7.3][16.3.1][16(IEEE)].
  reg  [`ROB_IDX-1:0] next_rob_idx_out;
               |
ncvlog: *E,NOTDIR (rs.v,155|15): `ROB_IDX: not a recognized directive or macro [2.7.3][16.3.1][16(IEEE)].
  wire to_mult = ALUop_out == `ALU_MULQ;
                                      |
ncvlog: *E,NOTDIR (rs.v,159|38): `ALU_MULQ: not a recognized directive or macro [2.7.3][16.3.1][16(IEEE)].
  wire to_mult = ALUop_out == `ALU_MULQ;
                                       |
ncvlog: *E,ILLPRI (rs.v,159|39): illegal expression primary [4.2(IEEE)].
      entry_free <= `SD 1'b1;
                      |
ncvlog: *E,NOTDIR (rs.v,199|22): `SD: not a recognized directive or macro [2.7.3][16.3.1][16(IEEE)].
      pdest_idx_out <= `SD `ZERO_PRF; // FIXME
                         |
ncvlog: *E,NOTDIR (rs.v,200|25): `SD: not a recognized directive or macro [2.7.3][16.3.1][16(IEEE)].
      pdest_idx_out <= `SD `ZERO_PRF; // FIXME
                                   |
ncvlog: *E,NOTDIR (rs.v,200|35): `ZERO_PRF: not a recognized directive or macro [2.7.3][16.3.1][16(IEEE)].
      pdest_idx_out <= `SD `ZERO_PRF; // FIXME
                                    |
ncvlog: *E,ILLPRI (rs.v,200|36): illegal expression primary [4.2(IEEE)].
      prega_idx_out <= `SD `ZERO_PRF; // FIXME
                         |
ncvlog: *E,NOTDIR (rs.v,201|25): `SD: not a recognized directive or macro [2.7.3][16.3.1][16(IEEE)].
      prega_idx_out <= `SD `ZERO_PRF; // FIXME
                                   |
ncvlog: *E,NOTDIR (rs.v,201|35): `ZERO_PRF: not a recognized directive or macro [2.7.3][16.3.1][16(IEEE)].
      prega_idx_out <= `SD `ZERO_PRF; // FIXME
                                    |
ncvlog: *E,ILLPRI (rs.v,201|36): illegal expression primary [4.2(IEEE)].
      pregb_idx_out <= `SD `ZERO_PRF; // FIXME
                         |
ncvlog: *E,NOTDIR (rs.v,202|25): `SD: not a recognized directive or macro [2.7.3][16.3.1][16(IEEE)].
      pregb_idx_out <= `SD `ZERO_PRF; // FIXME
                                   |
ncvlog: *E,NOTDIR (rs.v,202|35): `ZERO_PRF: not a recognized directive or macro [2.7.3][16.3.1][16(IEEE)].
      pregb_idx_out <= `SD `ZERO_PRF; // FIXME
                                    |
ncvlog: *E,ILLPRI (rs.v,202|36): illegal expression primary [4.2(IEEE)].
      ALUop_out <= `SD 5'h1f;
                     |
ncvlog: *E,NOTDIR (rs.v,203|21): `SD: not a recognized directive or macro [2.7.3][16.3.1][16(IEEE)].
      rd_mem_out <= `SD 1'b0;
                      |
ncvlog: *E,NOTDIR (rs.v,204|22): `SD: not a recognized directive or macro [2.7.3][16.3.1][16(IEEE)].
      wr_mem_out <= `SD 1'b0;
                      |
ncvlog: *E,NOTDIR (rs.v,205|22): `SD: not a recognized directive or macro [2.7.3][16.3.1][16(IEEE)].
      rs_IR_out <= `SD `NOOP_INST;
                     |
ncvlog: *E,NOTDIR (rs.v,206|21): `SD: not a recognized directive or macro [2.7.3][16.3.1][16(IEEE)].
      rs_IR_out <= `SD `NOOP_INST;
                                |
ncvlog: *E,NOTDIR (rs.v,206|32): `NOOP_INST: not a recognized directive or macro [2.7.3][16.3.1][16(IEEE)].
      rs_IR_out <= `SD `NOOP_INST;
                                 |
ncvlog: *E,ILLPRI (rs.v,206|33): illegal expression primary [4.2(IEEE)].
      npc_out <= `SD 64'h0;
                   |
ncvlog: *E,NOTDIR (rs.v,207|19): `SD: not a recognized directive or macro [2.7.3][16.3.1][16(IEEE)].
      rob_idx_out <= `SD {`ROB_IDX{1'b0}};
                       |
ncvlog: *E,NOTDIR (rs.v,208|23): `SD: not a recognized directive or macro [2.7.3][16.3.1][16(IEEE)].
      rob_idx_out <= `SD {`ROB_IDX{1'b0}};
                                 |
ncvlog: *E,NOTDIR (rs.v,208|33): `ROB_IDX: not a recognized directive or macro [2.7.3][16.3.1][16(IEEE)].
      prega_rdy <= `SD 1'b0;
                     |
ncvlog: *E,NOTDIR (rs.v,209|21): `SD: not a recognized directive or macro [2.7.3][16.3.1][16(IEEE)].
      pregb_rdy <= `SD 1'b0;
                     |
ncvlog: *E,NOTDIR (rs.v,210|21): `SD: not a recognized directive or macro [2.7.3][16.3.1][16(IEEE)].
      entry_free <= `SD next_entry_free;
                      |
ncvlog: *E,NOTDIR (rs.v,214|22): `SD: not a recognized directive or macro [2.7.3][16.3.1][16(IEEE)].
      pdest_idx_out <= `SD next_pdest_idx_out;
                         |
ncvlog: *E,NOTDIR (rs.v,215|25): `SD: not a recognized directive or macro [2.7.3][16.3.1][16(IEEE)].
      prega_idx_out <= `SD next_prega_idx_out;
                         |
ncvlog: *E,NOTDIR (rs.v,216|25): `SD: not a recognized directive or macro [2.7.3][16.3.1][16(IEEE)].
      pregb_idx_out <= `SD next_pregb_idx_out; 
                         |
ncvlog: *E,NOTDIR (rs.v,217|25): `SD: not a recognized directive or macro [2.7.3][16.3.1][16(IEEE)].
      ALUop_out <= `SD next_ALUop_out;
                     |
ncvlog: *E,NOTDIR (rs.v,218|21): `SD: not a recognized directive or macro [2.7.3][16.3.1][16(IEEE)].
      rd_mem_out <= `SD next_rd_mem_out;
                      |
ncvlog: *E,NOTDIR (rs.v,219|22): `SD: not a recognized directive or macro [2.7.3][16.3.1][16(IEEE)].
      wr_mem_out <= `SD next_wr_mem_out;
                      |
ncvlog: *E,NOTDIR (rs.v,220|22): `SD: not a recognized directive or macro [2.7.3][16.3.1][16(IEEE)].
      rs_IR_out <= `SD next_rs_IR_out;
                     |
ncvlog: *E,NOTDIR (rs.v,221|21): `SD: not a recognized directive or macro [2.7.3][16.3.1][16(IEEE)].
      npc_out <= `SD next_npc_out;
                   |
ncvlog: *E,NOTDIR (rs.v,222|19): `SD: not a recognized directive or macro [2.7.3][16.3.1][16(IEEE)].
      rob_idx_out <= `SD next_rob_idx_out;
                       |
ncvlog: *E,NOTDIR (rs.v,223|23): `SD: not a recognized directive or macro [2.7.3][16.3.1][16(IEEE)].
      prega_rdy <= `SD next_prega_rdy;
                     |
ncvlog: *E,NOTDIR (rs.v,224|21): `SD: not a recognized directive or macro [2.7.3][16.3.1][16(IEEE)].
      pregb_rdy <= `SD next_pregb_rdy;
                     |
ncvlog: *E,NOTDIR (rs.v,225|21): `SD: not a recognized directive or macro [2.7.3][16.3.1][16(IEEE)].
	module worklib.rs_entry:v
		errors: 42, warnings: 0
file: ../sys_defs.vh
ncvlog: *F,NOTOPL: no top-level unit found, must have recursive instances.
ncverilog: *E,VLGERR: An error occurred during parsing.  Review the log file for errors with the code *E and fix those identified problems to proceed.  Exiting with code (status 2).
TOOL:	ncverilog	08.20-s012: Exiting on Mar 11, 2011 at 19:32:45 EST  (total: 00:00:00)
